
Showing logs for build [32mcb-kubecd-environment-pr-1232-4-9c984-1[0m stage [32mfrom-build-pack[0m and container [32mstep-credential-initializer-qnxgj[0m
{"level":"warn","ts":1583400107.3420212,"logger":"fallback-logger","caller":"logging/config.go:69","msg":"Fetch GitHub commit ID from kodata failed: \"ref: refs/heads/0.8.0-**-support-backwards-incompats\" is not a valid GitHub commit ID"}
{"level":"info","ts":1583400107.3426995,"logger":"fallback-logger","caller":"creds-init/main.go:40","msg":"Credentials initialized."}

Showing logs for build [32mcb-kubecd-environment-pr-1232-4-9c984-1[0m stage [32mfrom-build-pack[0m and container [32mstep-working-dir-initializer-794ms[0m
{"level":"warn","ts":1583400108.301586,"logger":"fallback-logger","caller":"logging/config.go:69","msg":"Fetch GitHub commit ID from kodata failed: open /var/run/ko/HEAD: no such file or directory"}
{"level":"info","ts":1583400108.3033986,"logger":"fallback-logger","caller":"bash/main.go:64","msg":"Successfully executed command \"sh -c mkdir -p /workspace/source\"; output "}

Showing logs for build [32mcb-kubecd-environment-pr-1232-4-9c984-1[0m stage [32mfrom-build-pack[0m and container [32mstep-place-tools[0m

Showing logs for build [32mcb-kubecd-environment-pr-1232-4-9c984-1[0m stage [32mfrom-build-pack[0m and container [32mstep-git-source-cb-kubecd-environment-pr-1232-4-9c984-lwt6g[0m
{"level":"warn","ts":1583400136.406782,"logger":"fallback-logger","caller":"logging/config.go:69","msg":"Fetch GitHub commit ID from kodata failed: \"ref: refs/heads/0.8.0-**-support-backwards-incompats\" is not a valid GitHub commit ID"}
{"level":"info","ts":1583400137.6528149,"logger":"fallback-logger","caller":"git/git.go:103","msg":"Successfully cloned https://github.com/cb-kubecd/environment-pr-1232-4-bdd-frontend-staging.git @ master in path /workspace/source"}

Showing logs for build [32mcb-kubecd-environment-pr-1232-4-9c984-1[0m stage [32mfrom-build-pack[0m and container [32mstep-git-merge[0m
Using SHAs from PULL_REFS=master:bc7b273a66f1c1f71650c9bae0d12393322b57ab,1:f223e13f48aad92f8c4dbe56117dfc3ac643f14e
DEBUG: LC_ALL=C JX_LOG_LEVEL=error git fetch origin --unshallow f223e13f48aad92f8c4dbe56117dfc3ac643f14e: bc7b273a66f1c1f71650c9bae0d12393322b57ab:
DEBUG: ran git fetch --unshallow origin f223e13f48aad92f8c4dbe56117dfc3ac643f14e: bc7b273a66f1c1f71650c9bae0d12393322b57ab: in 
DEBUG: LC_ALL=C JX_LOG_LEVEL=error git branch
DEBUG: LC_ALL=C JX_LOG_LEVEL=error git checkout master
DEBUG: ran git checkout master in 
DEBUG: LC_ALL=C JX_LOG_LEVEL=error git reset --hard bc7b273a66f1c1f71650c9bae0d12393322b57ab
DEBUG: ran git reset --hard bc7b273a66f1c1f71650c9bae0d12393322b57ab in 
DEBUG: LC_ALL=C JX_LOG_LEVEL=error git clean -fd .
DEBUG: ran clean --force -d . in 
DEBUG: LC_ALL=C JX_LOG_LEVEL=error git merge f223e13f48aad92f8c4dbe56117dfc3ac643f14e
DEBUG: ran git merge f223e13f48aad92f8c4dbe56117dfc3ac643f14e in 
DEBUG: LC_ALL=C JX_LOG_LEVEL=error git log --format=%H%x1f%an%x1f%ae%x1f%cn%x1f%ce%x1f%s%n%b%x1e bc7b273a66f1c1f71650c9bae0d12393322b57ab..HEAD
Merged SHA f223e13f48aad92f8c4dbe56117dfc3ac643f14e with commit message 'chore: Promote bdd-nh-1583398955 to version 0.0.1' into base branch master

Showing logs for build [32mcb-kubecd-environment-pr-1232-4-9c984-1[0m stage [32mfrom-build-pack[0m and container [32mstep-build-helm-build[0m
WARNING: No $CHART_REPOSITORY defined so using the default value of: http://jenkins-x-chartmuseum:8080
Adding missing Helm repo: storage.googleapis.com https://storage.googleapis.com/chartmuseum.jenkins-x.io
WARNING: No secrets found on "helm/repos" due: reading the secret "helm/repos" from vault: no secret "helm/repos" not found in vault
Read credentials for https://storage.googleapis.com/chartmuseum.jenkins-x.io from vault helm/repos
Successfully added Helm repository storage.googleapis.com.
Adding missing Helm repo: jenkins-x-chartmuseum http://jenkins-x-chartmuseum:8080
WARNING: No secrets found on "helm/repos" due: reading the secret "helm/repos" from vault: no secret "helm/repos" not found in vault
Read credentials for http://jenkins-x-chartmuseum:8080 from vault helm/repos
Successfully added Helm repository jenkins-x-chartmuseum.
WARNING: No $CHART_REPOSITORY defined so using the default value of: http://jenkins-x-chartmuseum:8080
Adding missing Helm repo: chartmuseum.jenkins-x.io http://chartmuseum.jenkins-x.io
WARNING: No secrets found on "helm/repos" due: reading the secret "helm/repos" from vault: no secret "helm/repos" not found in vault
Read credentials for http://chartmuseum.jenkins-x.io from vault helm/repos
Successfully added Helm repository chartmuseum.jenkins-x.io.
